C:\USERS\ANATO_000\SKYDRIVE\Программирование\C++\EPIC-DEFENSE\EPIC_DEFENSE\EPIC_DEFENSE\DEBUG\AIOBJECT.OBJ
C:\USERS\ANATO_000\SKYDRIVE\Программирование\C++\EPIC-DEFENSE\EPIC_DEFENSE\EPIC_DEFENSE\DEBUG\EPICDEFENSE.OBJ
C:\USERS\ANATO_000\SKYDRIVE\Программирование\C++\EPIC-DEFENSE\EPIC_DEFENSE\EPIC_DEFENSE\DEBUG\GAME.OBJ
C:\USERS\ANATO_000\SKYDRIVE\Программирование\C++\EPIC-DEFENSE\EPIC_DEFENSE\EPIC_DEFENSE\DEBUG\GAMEOBJECT.OBJ
C:\USERS\ANATO_000\SKYDRIVE\Программирование\C++\EPIC-DEFENSE\EPIC_DEFENSE\EPIC_DEFENSE\DEBUG\GLOBALOBJECT.OBJ
C:\USERS\ANATO_000\SKYDRIVE\Программирование\C++\EPIC-DEFENSE\EPIC_DEFENSE\EPIC_DEFENSE\DEBUG\GRAPHICOBJECT.OBJ
C:\USERS\ANATO_000\SKYDRIVE\Программирование\C++\EPIC-DEFENSE\EPIC_DEFENSE\EPIC_DEFENSE\DEBUG\LOG.OBJ
C:\USERS\ANATO_000\SKYDRIVE\Программирование\C++\EPIC-DEFENSE\EPIC_DEFENSE\EPIC_DEFENSE\DEBUG\MAIN.OBJ
C:\USERS\ANATO_000\SKYDRIVE\Программирование\C++\EPIC-DEFENSE\EPIC_DEFENSE\EPIC_DEFENSE\DEBUG\MATRIX.OBJ
C:\USERS\ANATO_000\SKYDRIVE\Программирование\C++\EPIC-DEFENSE\EPIC_DEFENSE\EPIC_DEFENSE\DEBUG\OPENGL.OBJ
C:\USERS\ANATO_000\SKYDRIVE\Программирование\C++\EPIC-DEFENSE\EPIC_DEFENSE\EPIC_DEFENSE\DEBUG\PHYSICOBJECT.OBJ
C:\USERS\ANATO_000\SKYDRIVE\Программирование\C++\EPIC-DEFENSE\EPIC_DEFENSE\EPIC_DEFENSE\DEBUG\SCENE.OBJ
C:\USERS\ANATO_000\SKYDRIVE\Программирование\C++\EPIC-DEFENSE\EPIC_DEFENSE\EPIC_DEFENSE\DEBUG\SHADER_MANAGER.OBJ
C:\USERS\ANATO_000\SKYDRIVE\Программирование\C++\EPIC-DEFENSE\EPIC_DEFENSE\EPIC_DEFENSE\DEBUG\SOUNDOBJECT.OBJ
C:\USERS\ANATO_000\SKYDRIVE\Программирование\C++\EPIC-DEFENSE\EPIC_DEFENSE\EPIC_DEFENSE\DEBUG\TEXTURE_MANAGER.OBJ
C:\USERS\ANATO_000\SKYDRIVE\Программирование\C++\EPIC-DEFENSE\EPIC_DEFENSE\EPIC_DEFENSE\DEBUG\TGA.OBJ
C:\USERS\ANATO_000\SKYDRIVE\Программирование\C++\EPIC-DEFENSE\EPIC_DEFENSE\EPIC_DEFENSE\DEBUG\TIMER.OBJ
C:\USERS\ANATO_000\SKYDRIVE\Программирование\C++\EPIC-DEFENSE\EPIC_DEFENSE\EPIC_DEFENSE\DEBUG\TOOLS.OBJ
C:\USERS\ANATO_000\SKYDRIVE\ПРОГРАММИРОВАНИЕ\C++\EPIC-DEFENSE\EPIC_DEFENSE\EPIC_DEFENSE\DEBUG\VC110.PDB
C:\USERS\Толя\DROPBOX\Программирование\C++\EPIC-DEFENSE\EPIC_DEFENSE\EPIC_DEFENSE\DEBUG\LOG.OBJ
C:\USERS\Толя\DROPBOX\Программирование\C++\EPIC-DEFENSE\EPIC_DEFENSE\EPIC_DEFENSE\DEBUG\SHADER_MANAGER.OBJ
C:\USERS\Толя\DROPBOX\Программирование\C++\EPIC-DEFENSE\EPIC_DEFENSE\EPIC_DEFENSE\DEBUG\TGA.OBJ
C:\USERS\Толя\DROPBOX\Программирование\C++\EPIC-DEFENSE\EPIC_DEFENSE\EPIC_DEFENSE\DEBUG\TIMER.OBJ
C:\USERS\Толя\DROPBOX\Программирование\C++\EPIC-DEFENSE\EPIC_DEFENSE\EPIC_DEFENSE\DEBUG\TOOLS.OBJ
C:\USERS\ТОЛЯ\DROPBOX\ПРОГРАММИРОВАНИЕ\C++\EPIC-DEFENSE\EPIC_DEFENSE\EPIC_DEFENSE\DEBUG\VC110.PDB
C:\USERS\ANATO_000\SKYDRIVE\Программирование\C++\EPIC-DEFENSE\EPIC_DEFENSE\DEBUG\EPIC_DEFENSE.ILK
C:\USERS\ANATO_000\SKYDRIVE\Программирование\C++\EPIC-DEFENSE\EPIC_DEFENSE\DEBUG\EPIC_DEFENSE.EXE
C:\USERS\ANATO_000\SKYDRIVE\ПРОГРАММИРОВАНИЕ\C++\EPIC-DEFENSE\EPIC_DEFENSE\DEBUG\EPIC_DEFENSE.PDB
C:\Users\Толя\Dropbox\Программирование\C++\Epic-Defense\Epic_defense\Epic_defense\Debug\log.obj
C:\Users\Толя\Dropbox\Программирование\C++\Epic-Defense\Epic_defense\Epic_defense\Debug\shader_manager.obj
C:\Users\Толя\Dropbox\Программирование\C++\Epic-Defense\Epic_defense\Epic_defense\Debug\tga.obj
C:\Users\Толя\Dropbox\Программирование\C++\Epic-Defense\Epic_defense\Epic_defense\Debug\timer.obj
C:\Users\Толя\Dropbox\Программирование\C++\Epic-Defense\Epic_defense\Epic_defense\Debug\tools.obj
C:\Users\Толя\Dropbox\Программирование\C++\Epic-Defense\Epic_defense\Epic_defense\Debug\cl.command.1.tlog
C:\Users\Толя\Dropbox\Программирование\C++\Epic-Defense\Epic_defense\Epic_defense\Debug\CL.read.1.tlog
C:\Users\Толя\Dropbox\Программирование\C++\Epic-Defense\Epic_defense\Epic_defense\Debug\CL.write.1.tlog
C:\Users\Толя\Dropbox\Программирование\C++\Epic-Defense\Epic_defense\Epic_defense\Debug\link-cvtres.read.1.tlog
C:\Users\Толя\Dropbox\Программирование\C++\Epic-Defense\Epic_defense\Epic_defense\Debug\link-cvtres.write.1.tlog
C:\Users\Толя\Dropbox\Программирование\C++\Epic-Defense\Epic_defense\Epic_defense\Debug\link-rc.read.1.tlog
C:\Users\Толя\Dropbox\Программирование\C++\Epic-Defense\Epic_defense\Epic_defense\Debug\link-rc.write.1.tlog
C:\Users\Толя\Dropbox\Программирование\C++\Epic-Defense\Epic_defense\Epic_defense\Debug\link.10356-cvtres.read.1.tlog
C:\Users\Толя\Dropbox\Программирование\C++\Epic-Defense\Epic_defense\Epic_defense\Debug\link.10356-cvtres.write.1.tlog
C:\Users\Толя\Dropbox\Программирование\C++\Epic-Defense\Epic_defense\Epic_defense\Debug\link.10356-rc.read.1.tlog
C:\Users\Толя\Dropbox\Программирование\C++\Epic-Defense\Epic_defense\Epic_defense\Debug\link.10356-rc.write.1.tlog
C:\Users\Толя\Dropbox\Программирование\C++\Epic-Defense\Epic_defense\Epic_defense\Debug\link.10356.read.1.tlog
C:\Users\Толя\Dropbox\Программирование\C++\Epic-Defense\Epic_defense\Epic_defense\Debug\link.10356.write.1.tlog
C:\Users\Толя\Dropbox\Программирование\C++\Epic-Defense\Epic_defense\Epic_defense\Debug\link.10808-cvtres.read.1.tlog
C:\Users\Толя\Dropbox\Программирование\C++\Epic-Defense\Epic_defense\Epic_defense\Debug\link.10808-cvtres.write.1.tlog
C:\Users\Толя\Dropbox\Программирование\C++\Epic-Defense\Epic_defense\Epic_defense\Debug\link.10808-rc.read.1.tlog
C:\Users\Толя\Dropbox\Программирование\C++\Epic-Defense\Epic_defense\Epic_defense\Debug\link.10808-rc.write.1.tlog
C:\Users\Толя\Dropbox\Программирование\C++\Epic-Defense\Epic_defense\Epic_defense\Debug\link.10808.read.1.tlog
C:\Users\Толя\Dropbox\Программирование\C++\Epic-Defense\Epic_defense\Epic_defense\Debug\link.10808.write.1.tlog
C:\Users\Толя\Dropbox\Программирование\C++\Epic-Defense\Epic_defense\Epic_defense\Debug\link.10960-cvtres.read.1.tlog
C:\Users\Толя\Dropbox\Программирование\C++\Epic-Defense\Epic_defense\Epic_defense\Debug\link.10960-cvtres.write.1.tlog
C:\Users\Толя\Dropbox\Программирование\C++\Epic-Defense\Epic_defense\Epic_defense\Debug\link.10960-rc.read.1.tlog
C:\Users\Толя\Dropbox\Программирование\C++\Epic-Defense\Epic_defense\Epic_defense\Debug\link.10960-rc.write.1.tlog
C:\Users\Толя\Dropbox\Программирование\C++\Epic-Defense\Epic_defense\Epic_defense\Debug\link.10960.read.1.tlog
C:\Users\Толя\Dropbox\Программирование\C++\Epic-Defense\Epic_defense\Epic_defense\Debug\link.10960.write.1.tlog
C:\Users\Толя\Dropbox\Программирование\C++\Epic-Defense\Epic_defense\Epic_defense\Debug\link.2132-cvtres.read.1.tlog
C:\Users\Толя\Dropbox\Программирование\C++\Epic-Defense\Epic_defense\Epic_defense\Debug\link.2132-cvtres.write.1.tlog
C:\Users\Толя\Dropbox\Программирование\C++\Epic-Defense\Epic_defense\Epic_defense\Debug\link.2132-rc.read.1.tlog
C:\Users\Толя\Dropbox\Программирование\C++\Epic-Defense\Epic_defense\Epic_defense\Debug\link.2132-rc.write.1.tlog
C:\Users\Толя\Dropbox\Программирование\C++\Epic-Defense\Epic_defense\Epic_defense\Debug\link.2132.read.1.tlog
C:\Users\Толя\Dropbox\Программирование\C++\Epic-Defense\Epic_defense\Epic_defense\Debug\link.2132.write.1.tlog
C:\Users\Толя\Dropbox\Программирование\C++\Epic-Defense\Epic_defense\Epic_defense\Debug\link.3116-cvtres.read.1.tlog
C:\Users\Толя\Dropbox\Программирование\C++\Epic-Defense\Epic_defense\Epic_defense\Debug\link.3116-cvtres.write.1.tlog
C:\Users\Толя\Dropbox\Программирование\C++\Epic-Defense\Epic_defense\Epic_defense\Debug\link.3116-rc.read.1.tlog
C:\Users\Толя\Dropbox\Программирование\C++\Epic-Defense\Epic_defense\Epic_defense\Debug\link.3116-rc.write.1.tlog
C:\Users\Толя\Dropbox\Программирование\C++\Epic-Defense\Epic_defense\Epic_defense\Debug\link.3116.read.1.tlog
C:\Users\Толя\Dropbox\Программирование\C++\Epic-Defense\Epic_defense\Epic_defense\Debug\link.3116.write.1.tlog
C:\Users\Толя\Dropbox\Программирование\C++\Epic-Defense\Epic_defense\Epic_defense\Debug\link.3148-cvtres.read.1.tlog
C:\Users\Толя\Dropbox\Программирование\C++\Epic-Defense\Epic_defense\Epic_defense\Debug\link.3148-cvtres.write.1.tlog
C:\Users\Толя\Dropbox\Программирование\C++\Epic-Defense\Epic_defense\Epic_defense\Debug\link.3148-rc.read.1.tlog
C:\Users\Толя\Dropbox\Программирование\C++\Epic-Defense\Epic_defense\Epic_defense\Debug\link.3148-rc.write.1.tlog
C:\Users\Толя\Dropbox\Программирование\C++\Epic-Defense\Epic_defense\Epic_defense\Debug\link.3148.read.1.tlog
C:\Users\Толя\Dropbox\Программирование\C++\Epic-Defense\Epic_defense\Epic_defense\Debug\link.3148.write.1.tlog
C:\Users\Толя\Dropbox\Программирование\C++\Epic-Defense\Epic_defense\Epic_defense\Debug\link.3296-cvtres.read.1.tlog
C:\Users\Толя\Dropbox\Программирование\C++\Epic-Defense\Epic_defense\Epic_defense\Debug\link.3296-cvtres.write.1.tlog
C:\Users\Толя\Dropbox\Программирование\C++\Epic-Defense\Epic_defense\Epic_defense\Debug\link.3296-rc.read.1.tlog
C:\Users\Толя\Dropbox\Программирование\C++\Epic-Defense\Epic_defense\Epic_defense\Debug\link.3296-rc.write.1.tlog
C:\Users\Толя\Dropbox\Программирование\C++\Epic-Defense\Epic_defense\Epic_defense\Debug\link.3296.read.1.tlog
C:\Users\Толя\Dropbox\Программирование\C++\Epic-Defense\Epic_defense\Epic_defense\Debug\link.3296.write.1.tlog
C:\Users\Толя\Dropbox\Программирование\C++\Epic-Defense\Epic_defense\Epic_defense\Debug\link.3484-cvtres.read.1.tlog
C:\Users\Толя\Dropbox\Программирование\C++\Epic-Defense\Epic_defense\Epic_defense\Debug\link.3484-cvtres.write.1.tlog
C:\Users\Толя\Dropbox\Программирование\C++\Epic-Defense\Epic_defense\Epic_defense\Debug\link.3484-rc.read.1.tlog
C:\Users\Толя\Dropbox\Программирование\C++\Epic-Defense\Epic_defense\Epic_defense\Debug\link.3484-rc.write.1.tlog
C:\Users\Толя\Dropbox\Программирование\C++\Epic-Defense\Epic_defense\Epic_defense\Debug\link.3484.read.1.tlog
C:\Users\Толя\Dropbox\Программирование\C++\Epic-Defense\Epic_defense\Epic_defense\Debug\link.3484.write.1.tlog
C:\Users\Толя\Dropbox\Программирование\C++\Epic-Defense\Epic_defense\Epic_defense\Debug\link.3540-cvtres.read.1.tlog
C:\Users\Толя\Dropbox\Программирование\C++\Epic-Defense\Epic_defense\Epic_defense\Debug\link.3540-cvtres.write.1.tlog
C:\Users\Толя\Dropbox\Программирование\C++\Epic-Defense\Epic_defense\Epic_defense\Debug\link.3540-rc.read.1.tlog
C:\Users\Толя\Dropbox\Программирование\C++\Epic-Defense\Epic_defense\Epic_defense\Debug\link.3540-rc.write.1.tlog
C:\Users\Толя\Dropbox\Программирование\C++\Epic-Defense\Epic_defense\Epic_defense\Debug\link.3540.read.1.tlog
C:\Users\Толя\Dropbox\Программирование\C++\Epic-Defense\Epic_defense\Epic_defense\Debug\link.3540.write.1.tlog
C:\Users\Толя\Dropbox\Программирование\C++\Epic-Defense\Epic_defense\Epic_defense\Debug\link.36-cvtres.read.1.tlog
C:\Users\Толя\Dropbox\Программирование\C++\Epic-Defense\Epic_defense\Epic_defense\Debug\link.36-cvtres.write.1.tlog
C:\Users\Толя\Dropbox\Программирование\C++\Epic-Defense\Epic_defense\Epic_defense\Debug\link.36-rc.read.1.tlog
C:\Users\Толя\Dropbox\Программирование\C++\Epic-Defense\Epic_defense\Epic_defense\Debug\link.36-rc.write.1.tlog
C:\Users\Толя\Dropbox\Программирование\C++\Epic-Defense\Epic_defense\Epic_defense\Debug\link.36.read.1.tlog
C:\Users\Толя\Dropbox\Программирование\C++\Epic-Defense\Epic_defense\Epic_defense\Debug\link.36.write.1.tlog
C:\Users\Толя\Dropbox\Программирование\C++\Epic-Defense\Epic_defense\Epic_defense\Debug\link.3780-cvtres.read.1.tlog
C:\Users\Толя\Dropbox\Программирование\C++\Epic-Defense\Epic_defense\Epic_defense\Debug\link.3780-cvtres.write.1.tlog
C:\Users\Толя\Dropbox\Программирование\C++\Epic-Defense\Epic_defense\Epic_defense\Debug\link.3780-rc.read.1.tlog
C:\Users\Толя\Dropbox\Программирование\C++\Epic-Defense\Epic_defense\Epic_defense\Debug\link.3780-rc.write.1.tlog
C:\Users\Толя\Dropbox\Программирование\C++\Epic-Defense\Epic_defense\Epic_defense\Debug\link.3780.read.1.tlog
C:\Users\Толя\Dropbox\Программирование\C++\Epic-Defense\Epic_defense\Epic_defense\Debug\link.3780.write.1.tlog
C:\Users\Толя\Dropbox\Программирование\C++\Epic-Defense\Epic_defense\Epic_defense\Debug\link.3828-cvtres.read.1.tlog
C:\Users\Толя\Dropbox\Программирование\C++\Epic-Defense\Epic_defense\Epic_defense\Debug\link.3828-cvtres.write.1.tlog
C:\Users\Толя\Dropbox\Программирование\C++\Epic-Defense\Epic_defense\Epic_defense\Debug\link.3828-rc.read.1.tlog
C:\Users\Толя\Dropbox\Программирование\C++\Epic-Defense\Epic_defense\Epic_defense\Debug\link.3828-rc.write.1.tlog
C:\Users\Толя\Dropbox\Программирование\C++\Epic-Defense\Epic_defense\Epic_defense\Debug\link.3828.read.1.tlog
C:\Users\Толя\Dropbox\Программирование\C++\Epic-Defense\Epic_defense\Epic_defense\Debug\link.3828.write.1.tlog
C:\Users\Толя\Dropbox\Программирование\C++\Epic-Defense\Epic_defense\Epic_defense\Debug\link.4604-cvtres.read.1.tlog
C:\Users\Толя\Dropbox\Программирование\C++\Epic-Defense\Epic_defense\Epic_defense\Debug\link.4604-cvtres.write.1.tlog
C:\Users\Толя\Dropbox\Программирование\C++\Epic-Defense\Epic_defense\Epic_defense\Debug\link.4604-rc.read.1.tlog
C:\Users\Толя\Dropbox\Программирование\C++\Epic-Defense\Epic_defense\Epic_defense\Debug\link.4604-rc.write.1.tlog
C:\Users\Толя\Dropbox\Программирование\C++\Epic-Defense\Epic_defense\Epic_defense\Debug\link.4604.read.1.tlog
C:\Users\Толя\Dropbox\Программирование\C++\Epic-Defense\Epic_defense\Epic_defense\Debug\link.4604.write.1.tlog
C:\Users\Толя\Dropbox\Программирование\C++\Epic-Defense\Epic_defense\Epic_defense\Debug\link.4616-cvtres.read.1.tlog
C:\Users\Толя\Dropbox\Программирование\C++\Epic-Defense\Epic_defense\Epic_defense\Debug\link.4616-cvtres.write.1.tlog
C:\Users\Толя\Dropbox\Программирование\C++\Epic-Defense\Epic_defense\Epic_defense\Debug\link.4616-rc.read.1.tlog
C:\Users\Толя\Dropbox\Программирование\C++\Epic-Defense\Epic_defense\Epic_defense\Debug\link.4616-rc.write.1.tlog
C:\Users\Толя\Dropbox\Программирование\C++\Epic-Defense\Epic_defense\Epic_defense\Debug\link.4616.read.1.tlog
C:\Users\Толя\Dropbox\Программирование\C++\Epic-Defense\Epic_defense\Epic_defense\Debug\link.4616.write.1.tlog
C:\Users\Толя\Dropbox\Программирование\C++\Epic-Defense\Epic_defense\Epic_defense\Debug\link.4664-cvtres.read.1.tlog
C:\Users\Толя\Dropbox\Программирование\C++\Epic-Defense\Epic_defense\Epic_defense\Debug\link.4664-cvtres.write.1.tlog
C:\Users\Толя\Dropbox\Программирование\C++\Epic-Defense\Epic_defense\Epic_defense\Debug\link.4664-rc.read.1.tlog
C:\Users\Толя\Dropbox\Программирование\C++\Epic-Defense\Epic_defense\Epic_defense\Debug\link.4664-rc.write.1.tlog
C:\Users\Толя\Dropbox\Программирование\C++\Epic-Defense\Epic_defense\Epic_defense\Debug\link.4664.read.1.tlog
C:\Users\Толя\Dropbox\Программирование\C++\Epic-Defense\Epic_defense\Epic_defense\Debug\link.4664.write.1.tlog
C:\Users\Толя\Dropbox\Программирование\C++\Epic-Defense\Epic_defense\Epic_defense\Debug\link.4864-cvtres.read.1.tlog
C:\Users\Толя\Dropbox\Программирование\C++\Epic-Defense\Epic_defense\Epic_defense\Debug\link.4864-cvtres.write.1.tlog
C:\Users\Толя\Dropbox\Программирование\C++\Epic-Defense\Epic_defense\Epic_defense\Debug\link.4864-rc.read.1.tlog
C:\Users\Толя\Dropbox\Программирование\C++\Epic-Defense\Epic_defense\Epic_defense\Debug\link.4864-rc.write.1.tlog
C:\Users\Толя\Dropbox\Программирование\C++\Epic-Defense\Epic_defense\Epic_defense\Debug\link.4864.read.1.tlog
C:\Users\Толя\Dropbox\Программирование\C++\Epic-Defense\Epic_defense\Epic_defense\Debug\link.4864.write.1.tlog
C:\Users\Толя\Dropbox\Программирование\C++\Epic-Defense\Epic_defense\Epic_defense\Debug\link.5452-cvtres.read.1.tlog
C:\Users\Толя\Dropbox\Программирование\C++\Epic-Defense\Epic_defense\Epic_defense\Debug\link.5452-cvtres.write.1.tlog
C:\Users\Толя\Dropbox\Программирование\C++\Epic-Defense\Epic_defense\Epic_defense\Debug\link.5452-rc.read.1.tlog
C:\Users\Толя\Dropbox\Программирование\C++\Epic-Defense\Epic_defense\Epic_defense\Debug\link.5452-rc.write.1.tlog
C:\Users\Толя\Dropbox\Программирование\C++\Epic-Defense\Epic_defense\Epic_defense\Debug\link.5452.read.1.tlog
C:\Users\Толя\Dropbox\Программирование\C++\Epic-Defense\Epic_defense\Epic_defense\Debug\link.5452.write.1.tlog
C:\Users\Толя\Dropbox\Программирование\C++\Epic-Defense\Epic_defense\Epic_defense\Debug\link.5492-cvtres.read.1.tlog
C:\Users\Толя\Dropbox\Программирование\C++\Epic-Defense\Epic_defense\Epic_defense\Debug\link.5492-cvtres.write.1.tlog
C:\Users\Толя\Dropbox\Программирование\C++\Epic-Defense\Epic_defense\Epic_defense\Debug\link.5492-rc.read.1.tlog
C:\Users\Толя\Dropbox\Программирование\C++\Epic-Defense\Epic_defense\Epic_defense\Debug\link.5492-rc.write.1.tlog
C:\Users\Толя\Dropbox\Программирование\C++\Epic-Defense\Epic_defense\Epic_defense\Debug\link.5492.read.1.tlog
C:\Users\Толя\Dropbox\Программирование\C++\Epic-Defense\Epic_defense\Epic_defense\Debug\link.5492.write.1.tlog
C:\Users\Толя\Dropbox\Программирование\C++\Epic-Defense\Epic_defense\Epic_defense\Debug\link.56-cvtres.read.1.tlog
C:\Users\Толя\Dropbox\Программирование\C++\Epic-Defense\Epic_defense\Epic_defense\Debug\link.56-cvtres.write.1.tlog
C:\Users\Толя\Dropbox\Программирование\C++\Epic-Defense\Epic_defense\Epic_defense\Debug\link.56-rc.read.1.tlog
C:\Users\Толя\Dropbox\Программирование\C++\Epic-Defense\Epic_defense\Epic_defense\Debug\link.56-rc.write.1.tlog
C:\Users\Толя\Dropbox\Программирование\C++\Epic-Defense\Epic_defense\Epic_defense\Debug\link.56.read.1.tlog
C:\Users\Толя\Dropbox\Программирование\C++\Epic-Defense\Epic_defense\Epic_defense\Debug\link.56.write.1.tlog
C:\Users\Толя\Dropbox\Программирование\C++\Epic-Defense\Epic_defense\Epic_defense\Debug\link.5660-cvtres.read.1.tlog
C:\Users\Толя\Dropbox\Программирование\C++\Epic-Defense\Epic_defense\Epic_defense\Debug\link.5660-cvtres.write.1.tlog
C:\Users\Толя\Dropbox\Программирование\C++\Epic-Defense\Epic_defense\Epic_defense\Debug\link.5660-rc.read.1.tlog
C:\Users\Толя\Dropbox\Программирование\C++\Epic-Defense\Epic_defense\Epic_defense\Debug\link.5660-rc.write.1.tlog
C:\Users\Толя\Dropbox\Программирование\C++\Epic-Defense\Epic_defense\Epic_defense\Debug\link.5660.read.1.tlog
C:\Users\Толя\Dropbox\Программирование\C++\Epic-Defense\Epic_defense\Epic_defense\Debug\link.5660.write.1.tlog
C:\Users\Толя\Dropbox\Программирование\C++\Epic-Defense\Epic_defense\Epic_defense\Debug\link.6012-cvtres.read.1.tlog
C:\Users\Толя\Dropbox\Программирование\C++\Epic-Defense\Epic_defense\Epic_defense\Debug\link.6012-cvtres.write.1.tlog
C:\Users\Толя\Dropbox\Программирование\C++\Epic-Defense\Epic_defense\Epic_defense\Debug\link.6012-rc.read.1.tlog
C:\Users\Толя\Dropbox\Программирование\C++\Epic-Defense\Epic_defense\Epic_defense\Debug\link.6012-rc.write.1.tlog
C:\Users\Толя\Dropbox\Программирование\C++\Epic-Defense\Epic_defense\Epic_defense\Debug\link.6012.read.1.tlog
C:\Users\Толя\Dropbox\Программирование\C++\Epic-Defense\Epic_defense\Epic_defense\Debug\link.6012.write.1.tlog
C:\Users\Толя\Dropbox\Программирование\C++\Epic-Defense\Epic_defense\Epic_defense\Debug\link.6048-cvtres.read.1.tlog
C:\Users\Толя\Dropbox\Программирование\C++\Epic-Defense\Epic_defense\Epic_defense\Debug\link.6048-cvtres.write.1.tlog
C:\Users\Толя\Dropbox\Программирование\C++\Epic-Defense\Epic_defense\Epic_defense\Debug\link.6048-rc.read.1.tlog
C:\Users\Толя\Dropbox\Программирование\C++\Epic-Defense\Epic_defense\Epic_defense\Debug\link.6048-rc.write.1.tlog
C:\Users\Толя\Dropbox\Программирование\C++\Epic-Defense\Epic_defense\Epic_defense\Debug\link.6048.read.1.tlog
C:\Users\Толя\Dropbox\Программирование\C++\Epic-Defense\Epic_defense\Epic_defense\Debug\link.6048.write.1.tlog
C:\Users\Толя\Dropbox\Программирование\C++\Epic-Defense\Epic_defense\Epic_defense\Debug\link.6188-cvtres.read.1.tlog
C:\Users\Толя\Dropbox\Программирование\C++\Epic-Defense\Epic_defense\Epic_defense\Debug\link.6188-cvtres.write.1.tlog
C:\Users\Толя\Dropbox\Программирование\C++\Epic-Defense\Epic_defense\Epic_defense\Debug\link.6188-rc.read.1.tlog
C:\Users\Толя\Dropbox\Программирование\C++\Epic-Defense\Epic_defense\Epic_defense\Debug\link.6188-rc.write.1.tlog
C:\Users\Толя\Dropbox\Программирование\C++\Epic-Defense\Epic_defense\Epic_defense\Debug\link.6188.read.1.tlog
C:\Users\Толя\Dropbox\Программирование\C++\Epic-Defense\Epic_defense\Epic_defense\Debug\link.6188.write.1.tlog
C:\Users\Толя\Dropbox\Программирование\C++\Epic-Defense\Epic_defense\Epic_defense\Debug\link.6536-cvtres.read.1.tlog
C:\Users\Толя\Dropbox\Программирование\C++\Epic-Defense\Epic_defense\Epic_defense\Debug\link.6536-cvtres.write.1.tlog
C:\Users\Толя\Dropbox\Программирование\C++\Epic-Defense\Epic_defense\Epic_defense\Debug\link.6536-rc.read.1.tlog
C:\Users\Толя\Dropbox\Программирование\C++\Epic-Defense\Epic_defense\Epic_defense\Debug\link.6536-rc.write.1.tlog
C:\Users\Толя\Dropbox\Программирование\C++\Epic-Defense\Epic_defense\Epic_defense\Debug\link.6536.read.1.tlog
C:\Users\Толя\Dropbox\Программирование\C++\Epic-Defense\Epic_defense\Epic_defense\Debug\link.6536.write.1.tlog
C:\Users\Толя\Dropbox\Программирование\C++\Epic-Defense\Epic_defense\Epic_defense\Debug\link.6916-cvtres.read.1.tlog
C:\Users\Толя\Dropbox\Программирование\C++\Epic-Defense\Epic_defense\Epic_defense\Debug\link.6916-cvtres.write.1.tlog
C:\Users\Толя\Dropbox\Программирование\C++\Epic-Defense\Epic_defense\Epic_defense\Debug\link.6916-rc.read.1.tlog
C:\Users\Толя\Dropbox\Программирование\C++\Epic-Defense\Epic_defense\Epic_defense\Debug\link.6916-rc.write.1.tlog
C:\Users\Толя\Dropbox\Программирование\C++\Epic-Defense\Epic_defense\Epic_defense\Debug\link.6916.read.1.tlog
C:\Users\Толя\Dropbox\Программирование\C++\Epic-Defense\Epic_defense\Epic_defense\Debug\link.6916.write.1.tlog
C:\Users\Толя\Dropbox\Программирование\C++\Epic-Defense\Epic_defense\Epic_defense\Debug\link.6936-cvtres.read.1.tlog
C:\Users\Толя\Dropbox\Программирование\C++\Epic-Defense\Epic_defense\Epic_defense\Debug\link.6936-cvtres.write.1.tlog
C:\Users\Толя\Dropbox\Программирование\C++\Epic-Defense\Epic_defense\Epic_defense\Debug\link.6936-rc.read.1.tlog
C:\Users\Толя\Dropbox\Программирование\C++\Epic-Defense\Epic_defense\Epic_defense\Debug\link.6936-rc.write.1.tlog
C:\Users\Толя\Dropbox\Программирование\C++\Epic-Defense\Epic_defense\Epic_defense\Debug\link.6936.read.1.tlog
C:\Users\Толя\Dropbox\Программирование\C++\Epic-Defense\Epic_defense\Epic_defense\Debug\link.6936.write.1.tlog
C:\Users\Толя\Dropbox\Программирование\C++\Epic-Defense\Epic_defense\Epic_defense\Debug\link.6988-cvtres.read.1.tlog
C:\Users\Толя\Dropbox\Программирование\C++\Epic-Defense\Epic_defense\Epic_defense\Debug\link.6988-cvtres.write.1.tlog
C:\Users\Толя\Dropbox\Программирование\C++\Epic-Defense\Epic_defense\Epic_defense\Debug\link.6988-rc.read.1.tlog
C:\Users\Толя\Dropbox\Программирование\C++\Epic-Defense\Epic_defense\Epic_defense\Debug\link.6988-rc.write.1.tlog
C:\Users\Толя\Dropbox\Программирование\C++\Epic-Defense\Epic_defense\Epic_defense\Debug\link.6988.read.1.tlog
C:\Users\Толя\Dropbox\Программирование\C++\Epic-Defense\Epic_defense\Epic_defense\Debug\link.6988.write.1.tlog
C:\Users\Толя\Dropbox\Программирование\C++\Epic-Defense\Epic_defense\Epic_defense\Debug\link.7140-cvtres.read.1.tlog
C:\Users\Толя\Dropbox\Программирование\C++\Epic-Defense\Epic_defense\Epic_defense\Debug\link.7140-cvtres.write.1.tlog
C:\Users\Толя\Dropbox\Программирование\C++\Epic-Defense\Epic_defense\Epic_defense\Debug\link.7140-rc.read.1.tlog
C:\Users\Толя\Dropbox\Программирование\C++\Epic-Defense\Epic_defense\Epic_defense\Debug\link.7140-rc.write.1.tlog
C:\Users\Толя\Dropbox\Программирование\C++\Epic-Defense\Epic_defense\Epic_defense\Debug\link.7140.read.1.tlog
C:\Users\Толя\Dropbox\Программирование\C++\Epic-Defense\Epic_defense\Epic_defense\Debug\link.7140.write.1.tlog
C:\Users\Толя\Dropbox\Программирование\C++\Epic-Defense\Epic_defense\Epic_defense\Debug\link.716-cvtres.read.1.tlog
C:\Users\Толя\Dropbox\Программирование\C++\Epic-Defense\Epic_defense\Epic_defense\Debug\link.716-cvtres.write.1.tlog
C:\Users\Толя\Dropbox\Программирование\C++\Epic-Defense\Epic_defense\Epic_defense\Debug\link.716-rc.read.1.tlog
C:\Users\Толя\Dropbox\Программирование\C++\Epic-Defense\Epic_defense\Epic_defense\Debug\link.716-rc.write.1.tlog
C:\Users\Толя\Dropbox\Программирование\C++\Epic-Defense\Epic_defense\Epic_defense\Debug\link.716.read.1.tlog
C:\Users\Толя\Dropbox\Программирование\C++\Epic-Defense\Epic_defense\Epic_defense\Debug\link.716.write.1.tlog
C:\Users\Толя\Dropbox\Программирование\C++\Epic-Defense\Epic_defense\Epic_defense\Debug\link.7284-cvtres.read.1.tlog
C:\Users\Толя\Dropbox\Программирование\C++\Epic-Defense\Epic_defense\Epic_defense\Debug\link.7284-cvtres.write.1.tlog
C:\Users\Толя\Dropbox\Программирование\C++\Epic-Defense\Epic_defense\Epic_defense\Debug\link.7284-rc.read.1.tlog
C:\Users\Толя\Dropbox\Программирование\C++\Epic-Defense\Epic_defense\Epic_defense\Debug\link.7284-rc.write.1.tlog
C:\Users\Толя\Dropbox\Программирование\C++\Epic-Defense\Epic_defense\Epic_defense\Debug\link.7284.read.1.tlog
C:\Users\Толя\Dropbox\Программирование\C++\Epic-Defense\Epic_defense\Epic_defense\Debug\link.7284.write.1.tlog
C:\Users\Толя\Dropbox\Программирование\C++\Epic-Defense\Epic_defense\Epic_defense\Debug\link.9052-cvtres.read.1.tlog
C:\Users\Толя\Dropbox\Программирование\C++\Epic-Defense\Epic_defense\Epic_defense\Debug\link.9052-cvtres.write.1.tlog
C:\Users\Толя\Dropbox\Программирование\C++\Epic-Defense\Epic_defense\Epic_defense\Debug\link.9052-rc.read.1.tlog
C:\Users\Толя\Dropbox\Программирование\C++\Epic-Defense\Epic_defense\Epic_defense\Debug\link.9052-rc.write.1.tlog
C:\Users\Толя\Dropbox\Программирование\C++\Epic-Defense\Epic_defense\Epic_defense\Debug\link.9052.read.1.tlog
C:\Users\Толя\Dropbox\Программирование\C++\Epic-Defense\Epic_defense\Epic_defense\Debug\link.9052.write.1.tlog
C:\Users\Толя\Dropbox\Программирование\C++\Epic-Defense\Epic_defense\Epic_defense\Debug\link.command.1.tlog
C:\Users\Толя\Dropbox\Программирование\C++\Epic-Defense\Epic_defense\Epic_defense\Debug\link.read.1.tlog
C:\Users\Толя\Dropbox\Программирование\C++\Epic-Defense\Epic_defense\Epic_defense\Debug\link.write.1.tlog
C:\Users\Толя\Dropbox\Программирование\C++\Epic-Defense\Epic_defense\Epic_defense\Debug\vc100.idb
C:\Users\Толя\Dropbox\Программирование\C++\Epic-Defense\Epic_defense\Epic_defense\Debug\vc110.idb
C:\Users\Толя\Dropbox\Программирование\C++\Epic-Defense\Epic_defense\Epic_defense\Debug\vc100.pdb
C:\Users\Толя\Dropbox\Программирование\C++\Epic-Defense\Epic_defense\Epic_defense\Debug\vc110.pdb
C:\Users\Толя\Dropbox\Программирование\C++\Epic-Defense\Epic_defense\Debug\Epic_defense.pdb
C:\Users\Толя\Dropbox\Программирование\C++\Epic-Defense\Epic_defense\Debug\Epic_defense.exe
C:\Users\Толя\Dropbox\Программирование\C++\Epic-Defense\Epic_defense\Debug\Epic_defense.ilk
